<?xml version="1.0" encoding="UTF-8"?>
<testsuite name="MainTest" tests="2" skipped="0" failures="0" errors="0" timestamp="2021-09-08T23:43:17" hostname="mhsonui-MacBookPro.local" time="0.311">
  <properties/>
  <testcase name="Dollar_계산기_테스트()" classname="MainTest" time="0.307"/>
  <testcase name="KRW_계산기_테스트()" classname="MainTest" time="0.003"/>
  <system-out><![CDATA[]]></system-out>
  <system-err><![CDATA[]]></system-err>
</testsuite>
